#
# There is insufficient memory for the Java Runtime Environment to continue.
# Native memory allocation (malloc) failed to allocate 43515904 bytes for committing reserved memory.
# Possible reasons:
#   The system is out of physical RAM or swap space
#   In 32 bit mode, the process size limit was hit
# Possible solutions:
#   Reduce memory load on the system
#   Increase physical memory or swap space
#   Check if swap backing store is full
#   Use 64 bit Java on a 64 bit OS
#   Decrease Java heap size (-Xmx/-Xms)
#   Decrease number of Java threads
#   Decrease Java thread stack sizes (-Xss)
#   Set larger code cache with -XX:ReservedCodeCacheSize=
# This output file may be truncated or incomplete.
#
#  Out of Memory Error (os_linux.cpp:2827), pid=3802, tid=139707298178816
#
# JRE version:  (7.0_131) (build )
# Java VM: OpenJDK 64-Bit Server VM (24.131-b00 mixed mode linux-amd64 compressed oops)
# Derivative: IcedTea 2.6.9
# Distribution: Custom build (Sat Feb 18 19:46:23 UTC 2017)
# Core dump written. Default location: /home/t/Documents/Overige/android/NRCmeestgelezen/app/core or core.3802
#

---------------  T H R E A D  ---------------

Current thread (0x00007f101c00a800):  JavaThread "Unknown thread" [_thread_in_vm, id=3806, stack(0x00007f1023d16000,0x00007f1023e17000)]

Stack: [0x00007f1023d16000,0x00007f1023e17000],  sp=0x00007f1023e15570,  free space=1021k
Native frames: (J=compiled Java code, j=interpreted, Vv=VM code, C=native code)
V  [libjvm.so+0x9a9377]
V  [libjvm.so+0x49058f]
V  [libjvm.so+0x8136eb]
V  [libjvm.so+0x80dbde]
V  [libjvm.so+0x88536e]
V  [libjvm.so+0x886a85]
V  [libjvm.so+0x29699d]
V  [libjvm.so+0x835d69]
V  [libjvm.so+0x974d0f]
V  [libjvm.so+0x97507f]
V  [libjvm.so+0x5bbacf]
V  [libjvm.so+0x95832f]
V  [libjvm.so+0x630699]  JNI_CreateJavaVM+0x69
C  [libjli.so+0x29a7]


---------------  P R O C E S S  ---------------

Java Threads: ( => current thread )

Other Threads:

=>0x00007f101c00a800 (exited) JavaThread "Unknown thread" [_thread_in_vm, id=3806, stack(0x00007f1023d16000,0x00007f1023e17000)]

VM state:not at safepoint (not fully initialized)

VM Mutex/Monitor currently owned by a thread: None

GC Heap History (0 events):
No events

Deoptimization events (0 events):
No events

Internal exceptions (0 events):
No events

Events (0 events):
No events


Dynamic libraries:
00400000-00401000 r-xp 00000000 08:02 21238001                           /usr/lib/jvm/java-7-openjdk/jre/bin/java
00600000-00601000 r--p 00000000 08:02 21238001                           /usr/lib/jvm/java-7-openjdk/jre/bin/java
00601000-00602000 rw-p 00001000 08:02 21238001                           /usr/lib/jvm/java-7-openjdk/jre/bin/java
020fa000-0211b000 rw-p 00000000 00:00 0                                  [heap]
b5a00000-eaa80000 rw-p 00000000 00:00 0 
ed400000-100000000 rw-p 00000000 00:00 0 
7f1019000000-7f1019270000 rwxp 00000000 00:00 0 
7f1019270000-7f101c024000 rw-p 00000000 00:00 0 
7f101c024000-7f1020000000 ---p 00000000 00:00 0 
7f10205b5000-7f1020808000 rw-p 00000000 00:00 0 
7f1020808000-7f1020813000 rw-p 00000000 00:00 0 
7f1020813000-7f10208c9000 rw-p 00000000 00:00 0 
7f10208c9000-7f10208d1000 r-xp 00000000 08:02 21241712                   /usr/lib/jvm/java-7-openjdk/jre/lib/amd64/libzip.so
7f10208d1000-7f1020ad0000 ---p 00008000 08:02 21241712                   /usr/lib/jvm/java-7-openjdk/jre/lib/amd64/libzip.so
7f1020ad0000-7f1020ad1000 r--p 00007000 08:02 21241712                   /usr/lib/jvm/java-7-openjdk/jre/lib/amd64/libzip.so
7f1020ad1000-7f1020ad2000 rw-p 00008000 08:02 21241712                   /usr/lib/jvm/java-7-openjdk/jre/lib/amd64/libzip.so
7f1020ad2000-7f1020add000 r-xp 00000000 08:02 20187208                   /usr/lib/libnss_files-2.25.so
7f1020add000-7f1020cdc000 ---p 0000b000 08:02 20187208                   /usr/lib/libnss_files-2.25.so
7f1020cdc000-7f1020cdd000 r--p 0000a000 08:02 20187208                   /usr/lib/libnss_files-2.25.so
7f1020cdd000-7f1020cde000 rw-p 0000b000 08:02 20187208                   /usr/lib/libnss_files-2.25.so
7f1020cde000-7f1020ce4000 rw-p 00000000 00:00 0 
7f1020ce4000-7f1020cef000 r-xp 00000000 08:02 20187139                   /usr/lib/libnss_nis-2.25.so
7f1020cef000-7f1020eee000 ---p 0000b000 08:02 20187139                   /usr/lib/libnss_nis-2.25.so
7f1020eee000-7f1020eef000 r--p 0000a000 08:02 20187139                   /usr/lib/libnss_nis-2.25.so
7f1020eef000-7f1020ef0000 rw-p 0000b000 08:02 20187139                   /usr/lib/libnss_nis-2.25.so
7f1020ef0000-7f1020f05000 r-xp 00000000 08:02 20187135                   /usr/lib/libnsl-2.25.so
7f1020f05000-7f1021104000 ---p 00015000 08:02 20187135                   /usr/lib/libnsl-2.25.so
7f1021104000-7f1021105000 r--p 00014000 08:02 20187135                   /usr/lib/libnsl-2.25.so
7f1021105000-7f1021106000 rw-p 00015000 08:02 20187135                   /usr/lib/libnsl-2.25.so
7f1021106000-7f1021108000 rw-p 00000000 00:00 0 
7f1021108000-7f102110f000 r-xp 00000000 08:02 20187211                   /usr/lib/libnss_compat-2.25.so
7f102110f000-7f102130e000 ---p 00007000 08:02 20187211                   /usr/lib/libnss_compat-2.25.so
7f102130e000-7f102130f000 r--p 00006000 08:02 20187211                   /usr/lib/libnss_compat-2.25.so
7f102130f000-7f1021310000 rw-p 00007000 08:02 20187211                   /usr/lib/libnss_compat-2.25.so
7f1021310000-7f102133a000 r-xp 00000000 08:02 21241711                   /usr/lib/jvm/java-7-openjdk/jre/lib/amd64/libjava.so
7f102133a000-7f1021539000 ---p 0002a000 08:02 21241711                   /usr/lib/jvm/java-7-openjdk/jre/lib/amd64/libjava.so
7f1021539000-7f102153a000 r--p 00029000 08:02 21241711                   /usr/lib/jvm/java-7-openjdk/jre/lib/amd64/libjava.so
7f102153a000-7f102153c000 rw-p 0002a000 08:02 21241711                   /usr/lib/jvm/java-7-openjdk/jre/lib/amd64/libjava.so
7f102153c000-7f1021549000 r-xp 00000000 08:02 21241479                   /usr/lib/jvm/java-7-openjdk/jre/lib/amd64/libverify.so
7f1021549000-7f1021748000 ---p 0000d000 08:02 21241479                   /usr/lib/jvm/java-7-openjdk/jre/lib/amd64/libverify.so
7f1021748000-7f102174a000 r--p 0000c000 08:02 21241479                   /usr/lib/jvm/java-7-openjdk/jre/lib/amd64/libverify.so
7f102174a000-7f102174b000 rw-p 0000e000 08:02 21241479                   /usr/lib/jvm/java-7-openjdk/jre/lib/amd64/libverify.so
7f102174b000-7f1021752000 r-xp 00000000 08:02 20187129                   /usr/lib/librt-2.25.so
7f1021752000-7f1021951000 ---p 00007000 08:02 20187129                   /usr/lib/librt-2.25.so
7f1021951000-7f1021952000 r--p 00006000 08:02 20187129                   /usr/lib/librt-2.25.so
7f1021952000-7f1021953000 rw-p 00007000 08:02 20187129                   /usr/lib/librt-2.25.so
7f1021953000-7f1021969000 r-xp 00000000 08:02 20206649                   /usr/lib/libgcc_s.so.1
7f1021969000-7f1021b68000 ---p 00016000 08:02 20206649                   /usr/lib/libgcc_s.so.1
7f1021b68000-7f1021b69000 r--p 00015000 08:02 20206649                   /usr/lib/libgcc_s.so.1
7f1021b69000-7f1021b6a000 rw-p 00016000 08:02 20206649                   /usr/lib/libgcc_s.so.1
7f1021b6a000-7f1021c7a000 r-xp 00000000 08:02 20187136                   /usr/lib/libm-2.25.so
7f1021c7a000-7f1021e7a000 ---p 00110000 08:02 20187136                   /usr/lib/libm-2.25.so
7f1021e7a000-7f1021e7b000 r--p 00110000 08:02 20187136                   /usr/lib/libm-2.25.so
7f1021e7b000-7f1021e7c000 rw-p 00111000 08:02 20187136                   /usr/lib/libm-2.25.so
7f1021e7c000-7f1021ff6000 r-xp 00000000 08:02 20191646                   /usr/lib/libstdc++.so.6.0.23
7f1021ff6000-7f10221f6000 ---p 0017a000 08:02 20191646                   /usr/lib/libstdc++.so.6.0.23
7f10221f6000-7f1022200000 r--p 0017a000 08:02 20191646                   /usr/lib/libstdc++.so.6.0.23
7f1022200000-7f1022202000 rw-p 00184000 08:02 20191646                   /usr/lib/libstdc++.so.6.0.23
7f1022202000-7f1022205000 rw-p 00000000 00:00 0 
7f1022205000-7f1022d6a000 r-xp 00000000 08:02 21241758                   /usr/lib/jvm/java-7-openjdk/jre/lib/amd64/server/libjvm.so
7f1022d6a000-7f1022f69000 ---p 00b65000 08:02 21241758                   /usr/lib/jvm/java-7-openjdk/jre/lib/amd64/server/libjvm.so
7f1022f69000-7f1022ffa000 r--p 00b64000 08:02 21241758                   /usr/lib/jvm/java-7-openjdk/jre/lib/amd64/server/libjvm.so
7f1022ffa000-7f102301d000 rw-p 00bf5000 08:02 21241758                   /usr/lib/jvm/java-7-openjdk/jre/lib/amd64/server/libjvm.so
7f102301d000-7f102304a000 rw-p 00000000 00:00 0 
7f102304a000-7f1023060000 r-xp 00000000 08:02 20191411                   /usr/lib/libz.so.1.2.11
7f1023060000-7f102325f000 ---p 00016000 08:02 20191411                   /usr/lib/libz.so.1.2.11
7f102325f000-7f1023260000 r--p 00015000 08:02 20191411                   /usr/lib/libz.so.1.2.11
7f1023260000-7f1023261000 rw-p 00016000 08:02 20191411                   /usr/lib/libz.so.1.2.11
7f1023261000-7f10233fd000 r-xp 00000000 08:02 20187261                   /usr/lib/libc-2.25.so
7f10233fd000-7f10235fc000 ---p 0019c000 08:02 20187261                   /usr/lib/libc-2.25.so
7f10235fc000-7f1023600000 r--p 0019b000 08:02 20187261                   /usr/lib/libc-2.25.so
7f1023600000-7f1023602000 rw-p 0019f000 08:02 20187261                   /usr/lib/libc-2.25.so
7f1023602000-7f1023606000 rw-p 00000000 00:00 0 
7f1023606000-7f1023609000 r-xp 00000000 08:02 20187137                   /usr/lib/libdl-2.25.so
7f1023609000-7f1023808000 ---p 00003000 08:02 20187137                   /usr/lib/libdl-2.25.so
7f1023808000-7f1023809000 r--p 00002000 08:02 20187137                   /usr/lib/libdl-2.25.so
7f1023809000-7f102380a000 rw-p 00003000 08:02 20187137                   /usr/lib/libdl-2.25.so
7f102380a000-7f1023817000 r-xp 00000000 08:02 21241768                   /usr/lib/jvm/java-7-openjdk/jre/lib/amd64/jli/libjli.so
7f1023817000-7f1023a16000 ---p 0000d000 08:02 21241768                   /usr/lib/jvm/java-7-openjdk/jre/lib/amd64/jli/libjli.so
7f1023a16000-7f1023a17000 r--p 0000c000 08:02 21241768                   /usr/lib/jvm/java-7-openjdk/jre/lib/amd64/jli/libjli.so
7f1023a17000-7f1023a18000 rw-p 0000d000 08:02 21241768                   /usr/lib/jvm/java-7-openjdk/jre/lib/amd64/jli/libjli.so
7f1023a18000-7f1023a31000 r-xp 00000000 08:02 20187285                   /usr/lib/libpthread-2.25.so
7f1023a31000-7f1023c30000 ---p 00019000 08:02 20187285                   /usr/lib/libpthread-2.25.so
7f1023c30000-7f1023c31000 r--p 00018000 08:02 20187285                   /usr/lib/libpthread-2.25.so
7f1023c31000-7f1023c32000 rw-p 00019000 08:02 20187285                   /usr/lib/libpthread-2.25.so
7f1023c32000-7f1023c36000 rw-p 00000000 00:00 0 
7f1023c36000-7f1023c59000 r-xp 00000000 08:02 20187262                   /usr/lib/ld-2.25.so
7f1023d16000-7f1023d19000 ---p 00000000 00:00 0 
7f1023d19000-7f1023e19000 rw-p 00000000 00:00 0 
7f1023e4d000-7f1023e55000 rw-s 00000000 00:26 599570                     /tmp/hsperfdata_t/3802
7f1023e55000-7f1023e56000 rw-p 00000000 00:00 0 
7f1023e56000-7f1023e57000 r--p 00000000 00:00 0 
7f1023e57000-7f1023e59000 rw-p 00000000 00:00 0 
7f1023e59000-7f1023e5a000 r--p 00023000 08:02 20187262                   /usr/lib/ld-2.25.so
7f1023e5a000-7f1023e5b000 rw-p 00024000 08:02 20187262                   /usr/lib/ld-2.25.so
7f1023e5b000-7f1023e5c000 rw-p 00000000 00:00 0 
7ffd175b6000-7ffd175d7000 rw-p 00000000 00:00 0                          [stack]
7ffd175eb000-7ffd175ed000 r--p 00000000 00:00 0                          [vvar]
7ffd175ed000-7ffd175ef000 r-xp 00000000 00:00 0                          [vdso]
ffffffffff600000-ffffffffff601000 r-xp 00000000 00:00 0                  [vsyscall]

VM Arguments:
jvm_args: -Djava.awt.headless=true -Xmx1024M -Dfile.encoding=UTF-8 -Duser.country=US -Duser.language=en -Duser.variant -Dawt.useSystemAAFontSettings=on -Dswing.aatext=true 
java_command: com.android.dx.command.Main --dex --num-threads=4 --output /home/t/Documents/Overige/android/NRCmeestgelezen/app/build/intermediates/pre-dexed/debug/com.android.support-support-v4-23.1.1_66bbe1597415ba093f5b4f1869841ef34a6467ce.jar /home/t/Documents/Overige/android/NRCmeestgelezen/app/build/intermediates/exploded-aar/com.android.support/support-v4/23.1.1/jars/classes.jar
Launcher Type: SUN_STANDARD

Environment Variables:
_JAVA_OPTIONS=-Dawt.useSystemAAFontSettings=on -Dswing.aatext=true
PATH=/usr/local/sbin:/usr/local/bin:/usr/bin:/opt/android-sdk/platform-tools:/opt/android-sdk/tools:/usr/lib/jvm/default/bin:/usr/bin/site_perl:/usr/bin/vendor_perl:/usr/bin/core_perl
LD_LIBRARY_PATH=/opt/android-studio/bin:
SHELL=/bin/bash
DISPLAY=:0

Signal Handlers:
SIGSEGV: [libjvm.so+0x9a9e50], sa_mask[0]=0x7ffbfeff, sa_flags=0x10000004
SIGBUS: [libjvm.so+0x9a9e50], sa_mask[0]=0x7ffbfeff, sa_flags=0x10000004
SIGFPE: [libjvm.so+0x80ea50], sa_mask[0]=0x7ffbfeff, sa_flags=0x10000004
SIGPIPE: [libjvm.so+0x80ea50], sa_mask[0]=0x7ffbfeff, sa_flags=0x10000004
SIGXFSZ: [libjvm.so+0x80ea50], sa_mask[0]=0x7ffbfeff, sa_flags=0x10000004
SIGILL: [libjvm.so+0x80ea50], sa_mask[0]=0x7ffbfeff, sa_flags=0x10000004
SIGUSR1: SIG_DFL, sa_mask[0]=0x00000000, sa_flags=0x00000000
SIGUSR2: [libjvm.so+0x80e8b0], sa_mask[0]=0x00000004, sa_flags=0x10000004
SIGHUP: SIG_DFL, sa_mask[0]=0x00000000, sa_flags=0x00000000
SIGINT: SIG_DFL, sa_mask[0]=0x00000000, sa_flags=0x00000000
SIGTERM: SIG_DFL, sa_mask[0]=0x00000000, sa_flags=0x00000000
SIGQUIT: SIG_DFL, sa_mask[0]=0x00000000, sa_flags=0x00000000
SIGTRAP: SIG_DFL, sa_mask[0]=0x00000000, sa_flags=0x00000000


---------------  S Y S T E M  ---------------

OS:Linux
uname:Linux 4.11.7-1-ARCH #1 SMP PREEMPT Sat Jun 24 09:07:09 CEST 2017 x86_64
libc:glibc 2.25 NPTL 2.25 
rlimit: STACK 8192k, CORE infinity, NPROC 31447, NOFILE 4096, AS infinity
load average:5.25 2.52 1.75

/proc/meminfo:
MemTotal:        8084752 kB
MemFree:          100912 kB
MemAvailable:       2872 kB
Buffers:             556 kB
Cached:          2026360 kB
SwapCached:            0 kB
Active:          6060812 kB
Inactive:        1709072 kB
Active(anon):    6052164 kB
Inactive(anon):  1695804 kB
Active(file):       8648 kB
Inactive(file):    13268 kB
Unevictable:          32 kB
Mlocked:              32 kB
SwapTotal:             0 kB
SwapFree:              0 kB
Dirty:                84 kB
Writeback:            24 kB
AnonPages:       5743488 kB
Mapped:           269560 kB
Shmem:           2004356 kB
Slab:              85128 kB
SReclaimable:      51936 kB
SUnreclaim:        33192 kB
KernelStack:        9760 kB
PageTables:        39116 kB
NFS_Unstable:          0 kB
Bounce:                0 kB
WritebackTmp:          0 kB
CommitLimit:     4042376 kB
Committed_AS:   11548828 kB
VmallocTotal:   34359738367 kB
VmallocUsed:           0 kB
VmallocChunk:          0 kB
HardwareCorrupted:     0 kB
AnonHugePages:   1521664 kB
ShmemHugePages:        0 kB
ShmemPmdMapped:        0 kB
HugePages_Total:       0
HugePages_Free:        0
HugePages_Rsvd:        0
HugePages_Surp:        0
Hugepagesize:       2048 kB
DirectMap4k:      161024 kB
DirectMap2M:     7084032 kB
DirectMap1G:     2097152 kB


CPU:total 4 (2 cores per cpu, 2 threads per core) family 6 model 69 stepping 1, cmov, cx8, fxsr, mmx, sse, sse2, sse3, ssse3, sse4.1, sse4.2, popcnt, avx, avx2, aes, erms, ht, tsc, tscinvbit

/proc/cpuinfo:
processor	: 0
vendor_id	: GenuineIntel
cpu family	: 6
model		: 69
model name	: Intel(R) Core(TM) i7-4500U CPU @ 1.80GHz
stepping	: 1
microcode	: 0x20
cpu MHz		: 867.041
cache size	: 4096 KB
physical id	: 0
siblings	: 4
core id		: 0
cpu cores	: 2
apicid		: 0
initial apicid	: 0
fpu		: yes
fpu_exception	: yes
cpuid level	: 13
wp		: yes
flags		: fpu vme de pse tsc msr pae mce cx8 apic sep mtrr pge mca cmov pat pse36 clflush dts acpi mmx fxsr sse sse2 ss ht tm pbe syscall nx pdpe1gb rdtscp lm constant_tsc arch_perfmon pebs bts rep_good nopl xtopology nonstop_tsc cpuid aperfmperf pni pclmulqdq dtes64 monitor ds_cpl vmx est tm2 ssse3 sdbg fma cx16 xtpr pdcm pcid sse4_1 sse4_2 movbe popcnt tsc_deadline_timer aes xsave avx f16c rdrand lahf_lm abm epb tpr_shadow vnmi flexpriority ept vpid fsgsbase tsc_adjust bmi1 avx2 smep bmi2 erms invpcid xsaveopt dtherm ida arat pln pts
bugs		:
bogomips	: 4790.25
clflush size	: 64
cache_alignment	: 64
address sizes	: 39 bits physical, 48 bits virtual
power management:

processor	: 1
vendor_id	: GenuineIntel
cpu family	: 6
model		: 69
model name	: Intel(R) Core(TM) i7-4500U CPU @ 1.80GHz
stepping	: 1
microcode	: 0x20
cpu MHz		: 799.951
cache size	: 4096 KB
physical id	: 0
siblings	: 4
core id		: 1
cpu cores	: 2
apicid		: 2
initial apicid	: 2
fpu		: yes
fpu_exception	: yes
cpuid level	: 13
wp		: yes
flags		: fpu vme de pse tsc msr pae mce cx8 apic sep mtrr pge mca cmov pat pse36 clflush dts acpi mmx fxsr sse sse2 ss ht tm pbe syscall nx pdpe1gb rdtscp lm constant_tsc arch_perfmon pebs bts rep_good nopl xtopology nonstop_tsc cpuid aperfmperf pni pclmulqdq dtes64 monitor ds_cpl vmx est tm2 ssse3 sdbg fma cx16 xtpr pdcm pcid sse4_1 sse4_2 movbe popcnt tsc_deadline_timer aes xsave avx f16c rdrand lahf_lm abm epb tpr_shadow vnmi flexpriority ept vpid fsgsbase tsc_adjust bmi1 avx2 smep bmi2 erms invpcid xsaveopt dtherm ida arat pln pts
bugs		:
bogomips	: 4791.37
clflush size	: 64
cache_alignment	: 64
address sizes	: 39 bits physical, 48 bits virtual
power management:

processor	: 2
vendor_id	: GenuineIntel
cpu family	: 6
model		: 69
model name	: Intel(R) Core(TM) i7-4500U CPU @ 1.80GHz
stepping	: 1
microcode	: 0x20
cpu MHz		: 805.957
cache size	: 4096 KB
physical id	: 0
siblings	: 4
core id		: 0
cpu cores	: 2
apicid		: 1
initial apicid	: 1
fpu		: yes
fpu_exception	: yes
cpuid level	: 13
wp		: yes
flags		: fpu vme de pse tsc msr pae mce cx8 apic sep mtrr pge mca cmov pat pse36 clflush dts acpi mmx fxsr sse sse2 ss ht tm pbe syscall nx pdpe1gb rdtscp lm constant_tsc arch_perfmon pebs bts rep_good nopl xtopology nonstop_tsc cpuid aperfmperf pni pclmulqdq dtes64 monitor ds_cpl vmx est tm2 ssse3 sdbg fma cx16 xtpr pdcm pcid sse4_1 sse4_2 movbe popcnt tsc_deadline_timer aes xsave avx f16c rdrand lahf_lm abm epb tpr_shadow vnmi flexpriority ept vpid fsgsbase tsc_adjust bmi1 avx2 smep bmi2 erms invpcid xsaveopt dtherm ida arat pln pts
bugs		:
bogomips	: 4792.99
clflush size	: 64
cache_alignment	: 64
address sizes	: 39 bits physical, 48 bits virtual
power management:

processor	: 3
vendor_id	: GenuineIntel
cpu family	: 6
model		: 69
model name	: Intel(R) Core(TM) i7-4500U CPU @ 1.80GHz
stepping	: 1
microcode	: 0x20
cpu MHz		: 853.857
cache size	: 4096 KB
physical id	: 0
siblings	: 4
core id		: 1
cpu cores	: 2
apicid		: 3
initial apicid	: 3
fpu		: yes
fpu_exception	: yes
cpuid level	: 13
wp		: yes
flags		: fpu vme de pse tsc msr pae mce cx8 apic sep mtrr pge mca cmov pat pse36 clflush dts acpi mmx fxsr sse sse2 ss ht tm pbe syscall nx pdpe1gb rdtscp lm constant_tsc arch_perfmon pebs bts rep_good nopl xtopology nonstop_tsc cpuid aperfmperf pni pclmulqdq dtes64 monitor ds_cpl vmx est tm2 ssse3 sdbg fma cx16 xtpr pdcm pcid sse4_1 sse4_2 movbe popcnt tsc_deadline_timer aes xsave avx f16c rdrand lahf_lm abm epb tpr_shadow vnmi flexpriority ept vpid fsgsbase tsc_adjust bmi1 avx2 smep bmi2 erms invpcid xsaveopt dtherm ida arat pln pts
bugs		:
bogomips	: 4791.47
clflush size	: 64
cache_alignment	: 64
address sizes	: 39 bits physical, 48 bits virtual
power management:



Memory: 4k page, physical 8084752k(100912k free), swap 0k(0k free)

vm_info: OpenJDK 64-Bit Server VM (24.131-b00) for linux-amd64 JRE (1.7.0_131-b00), built on Feb 18 2017 19:50:17 by "builduser" with gcc 6.3.1 20170109

time: Thu Jul  6 00:14:33 2017
elapsed time: 5 seconds

