#
# There is insufficient memory for the Java Runtime Environment to continue.
# Native memory allocation (malloc) failed to allocate 85983232 bytes for committing reserved memory.
# Possible reasons:
#   The system is out of physical RAM or swap space
#   In 32 bit mode, the process size limit was hit
# Possible solutions:
#   Reduce memory load on the system
#   Increase physical memory or swap space
#   Check if swap backing store is full
#   Use 64 bit Java on a 64 bit OS
#   Decrease Java heap size (-Xmx/-Xms)
#   Decrease number of Java threads
#   Decrease Java thread stack sizes (-Xss)
#   Set larger code cache with -XX:ReservedCodeCacheSize=
# This output file may be truncated or incomplete.
#
#  Out of Memory Error (os_linux.cpp:2827), pid=4318, tid=139766349358848
#
# JRE version:  (7.0_131) (build )
# Java VM: OpenJDK 64-Bit Server VM (24.131-b00 mixed mode linux-amd64 compressed oops)
# Derivative: IcedTea 2.6.9
# Distribution: Custom build (Sat Feb 18 19:46:23 UTC 2017)
# Core dump written. Default location: /home/t/Documents/Overige/android/NRCmeestgelezen/app/core or core.4318
#

---------------  T H R E A D  ---------------

Current thread (0x00007f1ddc00a800):  JavaThread "Unknown thread" [_thread_in_vm, id=4324, stack(0x00007f1de38ae000,0x00007f1de39af000)]

Stack: [0x00007f1de38ae000,0x00007f1de39af000],  sp=0x00007f1de39ad570,  free space=1021k
Native frames: (J=compiled Java code, j=interpreted, Vv=VM code, C=native code)
V  [libjvm.so+0x9a9377]
V  [libjvm.so+0x49058f]
V  [libjvm.so+0x8136eb]
V  [libjvm.so+0x80dbde]
V  [libjvm.so+0x88536e]
V  [libjvm.so+0x87424c]
V  [libjvm.so+0x2969e5]
V  [libjvm.so+0x835d69]
V  [libjvm.so+0x974d0f]
V  [libjvm.so+0x97507f]
V  [libjvm.so+0x5bbacf]
V  [libjvm.so+0x95832f]
V  [libjvm.so+0x630699]  JNI_CreateJavaVM+0x69
C  [libjli.so+0x29a7]


---------------  P R O C E S S  ---------------

Java Threads: ( => current thread )

Other Threads:

=>0x00007f1ddc00a800 (exited) JavaThread "Unknown thread" [_thread_in_vm, id=4324, stack(0x00007f1de38ae000,0x00007f1de39af000)]

VM state:not at safepoint (not fully initialized)

VM Mutex/Monitor currently owned by a thread: None

GC Heap History (0 events):
No events

Deoptimization events (0 events):
No events

Internal exceptions (0 events):
No events

Events (0 events):
No events


Dynamic libraries:
00400000-00401000 r-xp 00000000 08:02 21238001                           /usr/lib/jvm/java-7-openjdk/jre/bin/java
00600000-00601000 r--p 00000000 08:02 21238001                           /usr/lib/jvm/java-7-openjdk/jre/bin/java
00601000-00602000 rw-p 00001000 08:02 21238001                           /usr/lib/jvm/java-7-openjdk/jre/bin/java
01288000-012a9000 rw-p 00000000 00:00 0                                  [heap]
b5a00000-c0000000 rw-p 00000000 00:00 0 
c5200000-eaa80000 rw-p 00000000 00:00 0 
eaa80000-ed400000 rw-p 00000000 00:00 0 
ed400000-100000000 rw-p 00000000 00:00 0 
7f1dd9000000-7f1dd9270000 rwxp 00000000 00:00 0 
7f1dd9270000-7f1ddc025000 rw-p 00000000 00:00 0 
7f1ddc025000-7f1de0000000 ---p 00000000 00:00 0 
7f1de0162000-7f1de030a000 rw-p 00000000 00:00 0 
7f1de030a000-7f1de031f000 rw-p 00000000 00:00 0 
7f1de031f000-7f1de03b5000 rw-p 00000000 00:00 0 
7f1de03b5000-7f1de03c0000 rw-p 00000000 00:00 0 
7f1de03c0000-7f1de0476000 rw-p 00000000 00:00 0 
7f1de0476000-7f1de047e000 r-xp 00000000 08:02 21241712                   /usr/lib/jvm/java-7-openjdk/jre/lib/amd64/libzip.so
7f1de047e000-7f1de067d000 ---p 00008000 08:02 21241712                   /usr/lib/jvm/java-7-openjdk/jre/lib/amd64/libzip.so
7f1de067d000-7f1de067e000 r--p 00007000 08:02 21241712                   /usr/lib/jvm/java-7-openjdk/jre/lib/amd64/libzip.so
7f1de067e000-7f1de067f000 rw-p 00008000 08:02 21241712                   /usr/lib/jvm/java-7-openjdk/jre/lib/amd64/libzip.so
7f1de067f000-7f1de0689000 r-xp 00000000 08:02 20188601                   /usr/lib/libnss_files-2.24.so
7f1de0689000-7f1de0889000 ---p 0000a000 08:02 20188601                   /usr/lib/libnss_files-2.24.so
7f1de0889000-7f1de088a000 r--p 0000a000 08:02 20188601                   /usr/lib/libnss_files-2.24.so
7f1de088a000-7f1de088b000 rw-p 0000b000 08:02 20188601                   /usr/lib/libnss_files-2.24.so
7f1de088b000-7f1de0891000 rw-p 00000000 00:00 0 
7f1de0891000-7f1de089c000 r-xp 00000000 08:02 20188603                   /usr/lib/libnss_nis-2.24.so
7f1de089c000-7f1de0a9b000 ---p 0000b000 08:02 20188603                   /usr/lib/libnss_nis-2.24.so
7f1de0a9b000-7f1de0a9c000 r--p 0000a000 08:02 20188603                   /usr/lib/libnss_nis-2.24.so
7f1de0a9c000-7f1de0a9d000 rw-p 0000b000 08:02 20188603                   /usr/lib/libnss_nis-2.24.so
7f1de0a9d000-7f1de0ab1000 r-xp 00000000 08:02 20188608                   /usr/lib/libnsl-2.24.so
7f1de0ab1000-7f1de0cb1000 ---p 00014000 08:02 20188608                   /usr/lib/libnsl-2.24.so
7f1de0cb1000-7f1de0cb2000 r--p 00014000 08:02 20188608                   /usr/lib/libnsl-2.24.so
7f1de0cb2000-7f1de0cb3000 rw-p 00015000 08:02 20188608                   /usr/lib/libnsl-2.24.so
7f1de0cb3000-7f1de0cb5000 rw-p 00000000 00:00 0 
7f1de0cb5000-7f1de0cbc000 r-xp 00000000 08:02 20188597                   /usr/lib/libnss_compat-2.24.so
7f1de0cbc000-7f1de0ebb000 ---p 00007000 08:02 20188597                   /usr/lib/libnss_compat-2.24.so
7f1de0ebb000-7f1de0ebc000 r--p 00006000 08:02 20188597                   /usr/lib/libnss_compat-2.24.so
7f1de0ebc000-7f1de0ebd000 rw-p 00007000 08:02 20188597                   /usr/lib/libnss_compat-2.24.so
7f1de0ebd000-7f1de0ee7000 r-xp 00000000 08:02 21241711                   /usr/lib/jvm/java-7-openjdk/jre/lib/amd64/libjava.so
7f1de0ee7000-7f1de10e6000 ---p 0002a000 08:02 21241711                   /usr/lib/jvm/java-7-openjdk/jre/lib/amd64/libjava.so
7f1de10e6000-7f1de10e7000 r--p 00029000 08:02 21241711                   /usr/lib/jvm/java-7-openjdk/jre/lib/amd64/libjava.so
7f1de10e7000-7f1de10e9000 rw-p 0002a000 08:02 21241711                   /usr/lib/jvm/java-7-openjdk/jre/lib/amd64/libjava.so
7f1de10e9000-7f1de10f6000 r-xp 00000000 08:02 21241479                   /usr/lib/jvm/java-7-openjdk/jre/lib/amd64/libverify.so
7f1de10f6000-7f1de12f5000 ---p 0000d000 08:02 21241479                   /usr/lib/jvm/java-7-openjdk/jre/lib/amd64/libverify.so
7f1de12f5000-7f1de12f7000 r--p 0000c000 08:02 21241479                   /usr/lib/jvm/java-7-openjdk/jre/lib/amd64/libverify.so
7f1de12f7000-7f1de12f8000 rw-p 0000e000 08:02 21241479                   /usr/lib/jvm/java-7-openjdk/jre/lib/amd64/libverify.so
7f1de12f8000-7f1de12ff000 r-xp 00000000 08:02 20188610                   /usr/lib/librt-2.24.so
7f1de12ff000-7f1de14fe000 ---p 00007000 08:02 20188610                   /usr/lib/librt-2.24.so
7f1de14fe000-7f1de14ff000 r--p 00006000 08:02 20188610                   /usr/lib/librt-2.24.so
7f1de14ff000-7f1de1500000 rw-p 00007000 08:02 20188610                   /usr/lib/librt-2.24.so
7f1de1500000-7f1de1516000 r-xp 00000000 08:02 20210753                   /usr/lib/libgcc_s.so.1
7f1de1516000-7f1de1715000 ---p 00016000 08:02 20210753                   /usr/lib/libgcc_s.so.1
7f1de1715000-7f1de1716000 r--p 00015000 08:02 20210753                   /usr/lib/libgcc_s.so.1
7f1de1716000-7f1de1717000 rw-p 00016000 08:02 20210753                   /usr/lib/libgcc_s.so.1
7f1de1717000-7f1de181a000 r-xp 00000000 08:02 20188607                   /usr/lib/libm-2.24.so
7f1de181a000-7f1de1a19000 ---p 00103000 08:02 20188607                   /usr/lib/libm-2.24.so
7f1de1a19000-7f1de1a1a000 r--p 00102000 08:02 20188607                   /usr/lib/libm-2.24.so
7f1de1a1a000-7f1de1a1b000 rw-p 00103000 08:02 20188607                   /usr/lib/libm-2.24.so
7f1de1a1b000-7f1de1b93000 r-xp 00000000 08:02 20191649                   /usr/lib/libstdc++.so.6.0.22
7f1de1b93000-7f1de1d93000 ---p 00178000 08:02 20191649                   /usr/lib/libstdc++.so.6.0.22
7f1de1d93000-7f1de1d9d000 r--p 00178000 08:02 20191649                   /usr/lib/libstdc++.so.6.0.22
7f1de1d9d000-7f1de1d9f000 rw-p 00182000 08:02 20191649                   /usr/lib/libstdc++.so.6.0.22
7f1de1d9f000-7f1de1da3000 rw-p 00000000 00:00 0 
7f1de1da3000-7f1de2908000 r-xp 00000000 08:02 21241758                   /usr/lib/jvm/java-7-openjdk/jre/lib/amd64/server/libjvm.so
7f1de2908000-7f1de2b07000 ---p 00b65000 08:02 21241758                   /usr/lib/jvm/java-7-openjdk/jre/lib/amd64/server/libjvm.so
7f1de2b07000-7f1de2b98000 r--p 00b64000 08:02 21241758                   /usr/lib/jvm/java-7-openjdk/jre/lib/amd64/server/libjvm.so
7f1de2b98000-7f1de2bbb000 rw-p 00bf5000 08:02 21241758                   /usr/lib/jvm/java-7-openjdk/jre/lib/amd64/server/libjvm.so
7f1de2bbb000-7f1de2be8000 rw-p 00000000 00:00 0 
7f1de2be8000-7f1de2bfe000 r-xp 00000000 08:02 20191411                   /usr/lib/libz.so.1.2.11
7f1de2bfe000-7f1de2dfd000 ---p 00016000 08:02 20191411                   /usr/lib/libz.so.1.2.11
7f1de2dfd000-7f1de2dfe000 r--p 00015000 08:02 20191411                   /usr/lib/libz.so.1.2.11
7f1de2dfe000-7f1de2dff000 rw-p 00016000 08:02 20191411                   /usr/lib/libz.so.1.2.11
7f1de2dff000-7f1de2f94000 r-xp 00000000 08:02 20188501                   /usr/lib/libc-2.24.so
7f1de2f94000-7f1de3193000 ---p 00195000 08:02 20188501                   /usr/lib/libc-2.24.so
7f1de3193000-7f1de3197000 r--p 00194000 08:02 20188501                   /usr/lib/libc-2.24.so
7f1de3197000-7f1de3199000 rw-p 00198000 08:02 20188501                   /usr/lib/libc-2.24.so
7f1de3199000-7f1de319d000 rw-p 00000000 00:00 0 
7f1de319d000-7f1de319f000 r-xp 00000000 08:02 20188606                   /usr/lib/libdl-2.24.so
7f1de319f000-7f1de339f000 ---p 00002000 08:02 20188606                   /usr/lib/libdl-2.24.so
7f1de339f000-7f1de33a0000 r--p 00002000 08:02 20188606                   /usr/lib/libdl-2.24.so
7f1de33a0000-7f1de33a1000 rw-p 00003000 08:02 20188606                   /usr/lib/libdl-2.24.so
7f1de33a1000-7f1de33ae000 r-xp 00000000 08:02 21241768                   /usr/lib/jvm/java-7-openjdk/jre/lib/amd64/jli/libjli.so
7f1de33ae000-7f1de35ad000 ---p 0000d000 08:02 21241768                   /usr/lib/jvm/java-7-openjdk/jre/lib/amd64/jli/libjli.so
7f1de35ad000-7f1de35ae000 r--p 0000c000 08:02 21241768                   /usr/lib/jvm/java-7-openjdk/jre/lib/amd64/jli/libjli.so
7f1de35ae000-7f1de35af000 rw-p 0000d000 08:02 21241768                   /usr/lib/jvm/java-7-openjdk/jre/lib/amd64/jli/libjli.so
7f1de35af000-7f1de35c7000 r-xp 00000000 08:02 20188457                   /usr/lib/libpthread-2.24.so
7f1de35c7000-7f1de37c6000 ---p 00018000 08:02 20188457                   /usr/lib/libpthread-2.24.so
7f1de37c6000-7f1de37c7000 r--p 00017000 08:02 20188457                   /usr/lib/libpthread-2.24.so
7f1de37c7000-7f1de37c8000 rw-p 00018000 08:02 20188457                   /usr/lib/libpthread-2.24.so
7f1de37c8000-7f1de37cc000 rw-p 00000000 00:00 0 
7f1de37cc000-7f1de37ef000 r-xp 00000000 08:02 20188500                   /usr/lib/ld-2.24.so
7f1de38ae000-7f1de38b1000 ---p 00000000 00:00 0 
7f1de38b1000-7f1de39b1000 rw-p 00000000 00:00 0 
7f1de39e2000-7f1de39ea000 rw-s 00000000 00:25 1786358                    /tmp/hsperfdata_t/4318
7f1de39ea000-7f1de39eb000 rw-p 00000000 00:00 0 
7f1de39eb000-7f1de39ec000 r--p 00000000 00:00 0 
7f1de39ec000-7f1de39ee000 rw-p 00000000 00:00 0 
7f1de39ee000-7f1de39ef000 r--p 00022000 08:02 20188500                   /usr/lib/ld-2.24.so
7f1de39ef000-7f1de39f0000 rw-p 00023000 08:02 20188500                   /usr/lib/ld-2.24.so
7f1de39f0000-7f1de39f1000 rw-p 00000000 00:00 0 
7ffca85bd000-7ffca85de000 rw-p 00000000 00:00 0                          [stack]
7ffca85e6000-7ffca85e8000 r--p 00000000 00:00 0                          [vvar]
7ffca85e8000-7ffca85ea000 r-xp 00000000 00:00 0                          [vdso]
ffffffffff600000-ffffffffff601000 r-xp 00000000 00:00 0                  [vsyscall]

VM Arguments:
jvm_args: -Djava.awt.headless=true -Xmx1024M -Dfile.encoding=UTF-8 -Duser.country=US -Duser.language=en -Duser.variant -Dawt.useSystemAAFontSettings=on -Dswing.aatext=true 
java_command: com.android.dx.command.Main --dex --num-threads=4 --output /home/t/Documents/Overige/android/NRCmeestgelezen/app/build/intermediates/pre-dexed/debug/debug_670f34d82d120460bbca465039804c78adbaa720.jar /home/t/Documents/Overige/android/NRCmeestgelezen/app/build/intermediates/classes/debug
Launcher Type: SUN_STANDARD

Environment Variables:
_JAVA_OPTIONS=-Dawt.useSystemAAFontSettings=on -Dswing.aatext=true
PATH=/usr/local/sbin:/usr/local/bin:/usr/bin:/opt/android-sdk/platform-tools:/opt/android-sdk/tools:/usr/lib/jvm/default/bin:/usr/bin/site_perl:/usr/bin/vendor_perl:/usr/bin/core_perl
LD_LIBRARY_PATH=/opt/android-studio/bin:
SHELL=/bin/bash
DISPLAY=:0

Signal Handlers:
SIGSEGV: [libjvm.so+0x9a9e50], sa_mask[0]=0x7ffbfeff, sa_flags=0x10000004
SIGBUS: [libjvm.so+0x9a9e50], sa_mask[0]=0x7ffbfeff, sa_flags=0x10000004
SIGFPE: [libjvm.so+0x80ea50], sa_mask[0]=0x7ffbfeff, sa_flags=0x10000004
SIGPIPE: [libjvm.so+0x80ea50], sa_mask[0]=0x7ffbfeff, sa_flags=0x10000004
SIGXFSZ: [libjvm.so+0x80ea50], sa_mask[0]=0x7ffbfeff, sa_flags=0x10000004
SIGILL: [libjvm.so+0x80ea50], sa_mask[0]=0x7ffbfeff, sa_flags=0x10000004
SIGUSR1: SIG_DFL, sa_mask[0]=0x00000000, sa_flags=0x00000000
SIGUSR2: [libjvm.so+0x80e8b0], sa_mask[0]=0x00000004, sa_flags=0x10000004
SIGHUP: SIG_DFL, sa_mask[0]=0x00000000, sa_flags=0x00000000
SIGINT: SIG_DFL, sa_mask[0]=0x00000000, sa_flags=0x00000000
SIGTERM: SIG_DFL, sa_mask[0]=0x00000000, sa_flags=0x00000000
SIGQUIT: SIG_DFL, sa_mask[0]=0x00000000, sa_flags=0x00000000
SIGTRAP: SIG_DFL, sa_mask[0]=0x00000000, sa_flags=0x00000000


---------------  S Y S T E M  ---------------

OS:Linux
uname:Linux 4.9.8-1-ARCH #1 SMP PREEMPT Mon Feb 6 12:59:40 CET 2017 x86_64
libc:glibc 2.24 NPTL 2.24 
rlimit: STACK 8192k, CORE infinity, NPROC 31448, NOFILE 4096, AS infinity
load average:4.14 2.10 1.55

/proc/meminfo:
MemTotal:        8085004 kB
MemFree:          106320 kB
MemAvailable:      24244 kB
Buffers:            2196 kB
Cached:          2825004 kB
SwapCached:            0 kB
Active:          5124788 kB
Inactive:        2621280 kB
Active(anon):    5110768 kB
Inactive(anon):  2600012 kB
Active(file):      14020 kB
Inactive(file):    21268 kB
Unevictable:          32 kB
Mlocked:              32 kB
SwapTotal:             0 kB
SwapFree:              0 kB
Dirty:                16 kB
Writeback:             0 kB
AnonPages:       4919176 kB
Mapped:           919664 kB
Shmem:           2791640 kB
Slab:             108652 kB
SReclaimable:      70496 kB
SUnreclaim:        38156 kB
KernelStack:        7632 kB
PageTables:        34440 kB
NFS_Unstable:          0 kB
Bounce:                0 kB
WritebackTmp:          0 kB
CommitLimit:     4042500 kB
Committed_AS:   10763564 kB
VmallocTotal:   34359738367 kB
VmallocUsed:           0 kB
VmallocChunk:          0 kB
HardwareCorrupted:     0 kB
AnonHugePages:   2590720 kB
ShmemHugePages:        0 kB
ShmemPmdMapped:        0 kB
HugePages_Total:       0
HugePages_Free:        0
HugePages_Rsvd:        0
HugePages_Surp:        0
Hugepagesize:       2048 kB
DirectMap4k:      148736 kB
DirectMap2M:     6047744 kB
DirectMap1G:     3145728 kB


CPU:total 4 (2 cores per cpu, 2 threads per core) family 6 model 69 stepping 1, cmov, cx8, fxsr, mmx, sse, sse2, sse3, ssse3, sse4.1, sse4.2, popcnt, avx, avx2, aes, erms, ht, tsc, tscinvbit

/proc/cpuinfo:
processor	: 0
vendor_id	: GenuineIntel
cpu family	: 6
model		: 69
model name	: Intel(R) Core(TM) i7-4500U CPU @ 1.80GHz
stepping	: 1
microcode	: 0x1f
cpu MHz		: 799.951
cache size	: 4096 KB
physical id	: 0
siblings	: 4
core id		: 0
cpu cores	: 2
apicid		: 0
initial apicid	: 0
fpu		: yes
fpu_exception	: yes
cpuid level	: 13
wp		: yes
flags		: fpu vme de pse tsc msr pae mce cx8 apic sep mtrr pge mca cmov pat pse36 clflush dts acpi mmx fxsr sse sse2 ss ht tm pbe syscall nx pdpe1gb rdtscp lm constant_tsc arch_perfmon pebs bts rep_good nopl xtopology nonstop_tsc aperfmperf eagerfpu pni pclmulqdq dtes64 monitor ds_cpl vmx est tm2 ssse3 sdbg fma cx16 xtpr pdcm pcid sse4_1 sse4_2 movbe popcnt tsc_deadline_timer aes xsave avx f16c rdrand lahf_lm abm epb tpr_shadow vnmi flexpriority ept vpid fsgsbase tsc_adjust bmi1 avx2 smep bmi2 erms invpcid xsaveopt dtherm ida arat pln pts
bugs		:
bogomips	: 4791.69
clflush size	: 64
cache_alignment	: 64
address sizes	: 39 bits physical, 48 bits virtual
power management:

processor	: 1
vendor_id	: GenuineIntel
cpu family	: 6
model		: 69
model name	: Intel(R) Core(TM) i7-4500U CPU @ 1.80GHz
stepping	: 1
microcode	: 0x1f
cpu MHz		: 880.957
cache size	: 4096 KB
physical id	: 0
siblings	: 4
core id		: 1
cpu cores	: 2
apicid		: 2
initial apicid	: 2
fpu		: yes
fpu_exception	: yes
cpuid level	: 13
wp		: yes
flags		: fpu vme de pse tsc msr pae mce cx8 apic sep mtrr pge mca cmov pat pse36 clflush dts acpi mmx fxsr sse sse2 ss ht tm pbe syscall nx pdpe1gb rdtscp lm constant_tsc arch_perfmon pebs bts rep_good nopl xtopology nonstop_tsc aperfmperf eagerfpu pni pclmulqdq dtes64 monitor ds_cpl vmx est tm2 ssse3 sdbg fma cx16 xtpr pdcm pcid sse4_1 sse4_2 movbe popcnt tsc_deadline_timer aes xsave avx f16c rdrand lahf_lm abm epb tpr_shadow vnmi flexpriority ept vpid fsgsbase tsc_adjust bmi1 avx2 smep bmi2 erms invpcid xsaveopt dtherm ida arat pln pts
bugs		:
bogomips	: 4792.73
clflush size	: 64
cache_alignment	: 64
address sizes	: 39 bits physical, 48 bits virtual
power management:

processor	: 2
vendor_id	: GenuineIntel
cpu family	: 6
model		: 69
model name	: Intel(R) Core(TM) i7-4500U CPU @ 1.80GHz
stepping	: 1
microcode	: 0x1f
cpu MHz		: 828.076
cache size	: 4096 KB
physical id	: 0
siblings	: 4
core id		: 0
cpu cores	: 2
apicid		: 1
initial apicid	: 1
fpu		: yes
fpu_exception	: yes
cpuid level	: 13
wp		: yes
flags		: fpu vme de pse tsc msr pae mce cx8 apic sep mtrr pge mca cmov pat pse36 clflush dts acpi mmx fxsr sse sse2 ss ht tm pbe syscall nx pdpe1gb rdtscp lm constant_tsc arch_perfmon pebs bts rep_good nopl xtopology nonstop_tsc aperfmperf eagerfpu pni pclmulqdq dtes64 monitor ds_cpl vmx est tm2 ssse3 sdbg fma cx16 xtpr pdcm pcid sse4_1 sse4_2 movbe popcnt tsc_deadline_timer aes xsave avx f16c rdrand lahf_lm abm epb tpr_shadow vnmi flexpriority ept vpid fsgsbase tsc_adjust bmi1 avx2 smep bmi2 erms invpcid xsaveopt dtherm ida arat pln pts
bugs		:
bogomips	: 4792.49
clflush size	: 64
cache_alignment	: 64
address sizes	: 39 bits physical, 48 bits virtual
power management:

processor	: 3
vendor_id	: GenuineIntel
cpu family	: 6
model		: 69
model name	: Intel(R) Core(TM) i7-4500U CPU @ 1.80GHz
stepping	: 1
microcode	: 0x1f
cpu MHz		: 875.976
cache size	: 4096 KB
physical id	: 0
siblings	: 4
core id		: 1
cpu cores	: 2
apicid		: 3
initial apicid	: 3
fpu		: yes
fpu_exception	: yes
cpuid level	: 13
wp		: yes
flags		: fpu vme de pse tsc msr pae mce cx8 apic sep mtrr pge mca cmov pat pse36 clflush dts acpi mmx fxsr sse sse2 ss ht tm pbe syscall nx pdpe1gb rdtscp lm constant_tsc arch_perfmon pebs bts rep_good nopl xtopology nonstop_tsc aperfmperf eagerfpu pni pclmulqdq dtes64 monitor ds_cpl vmx est tm2 ssse3 sdbg fma cx16 xtpr pdcm pcid sse4_1 sse4_2 movbe popcnt tsc_deadline_timer aes xsave avx f16c rdrand lahf_lm abm epb tpr_shadow vnmi flexpriority ept vpid fsgsbase tsc_adjust bmi1 avx2 smep bmi2 erms invpcid xsaveopt dtherm ida arat pln pts
bugs		:
bogomips	: 4792.88
clflush size	: 64
cache_alignment	: 64
address sizes	: 39 bits physical, 48 bits virtual
power management:



Memory: 4k page, physical 8085004k(111384k free), swap 0k(0k free)

vm_info: OpenJDK 64-Bit Server VM (24.131-b00) for linux-amd64 JRE (1.7.0_131-b00), built on Feb 18 2017 19:50:17 by "builduser" with gcc 6.3.1 20170109

time: Sat Mar  4 00:06:56 2017
elapsed time: 0 seconds

